{"level":"info","message":"Server running on port 3000","service":"costing-automation","timestamp":"2025-09-15T05:29:31.819Z"}
{"level":"info","message":"Server running on port 3000","service":"costing-automation","timestamp":"2025-09-15T05:31:02.847Z"}
{"level":"info","message":"Server running on port 3000","service":"costing-automation","timestamp":"2025-09-15T05:31:03.888Z"}
{"level":"info","message":"Server running on port 3000","service":"costing-automation","timestamp":"2025-09-15T05:31:15.372Z"}
{"level":"info","message":"Server running on port 3000","service":"costing-automation","timestamp":"2025-09-15T05:31:23.084Z"}
{"level":"info","message":"Server running on port 3000","service":"costing-automation","timestamp":"2025-09-15T05:31:32.816Z"}
{"level":"info","message":"Server running on port 3000","service":"costing-automation","timestamp":"2025-09-15T05:31:38.901Z"}
{"level":"info","message":"Server running on port 3000","service":"costing-automation","timestamp":"2025-09-15T05:31:41.648Z"}
{"level":"info","message":"Server running on port 3000","service":"costing-automation","timestamp":"2025-09-15T05:31:48.485Z"}
{"level":"info","message":"Server running on port 3000","service":"costing-automation","timestamp":"2025-09-15T05:32:07.429Z"}
{"level":"info","message":"Server running on port 3000","service":"costing-automation","timestamp":"2025-09-15T05:32:22.473Z"}
{"level":"info","message":"Server running on port 3000","service":"costing-automation","timestamp":"2025-09-15T05:32:28.878Z"}
{"level":"info","message":"Server running on port 3000","service":"costing-automation","timestamp":"2025-09-15T05:32:40.314Z"}
{"level":"info","message":"Server running on port 3000","service":"costing-automation","timestamp":"2025-09-15T05:32:43.165Z"}
{"level":"info","message":"Server running on port 3000","service":"costing-automation","timestamp":"2025-09-15T05:33:13.336Z"}
{"level":"info","message":"Server running on port 3000","service":"costing-automation","timestamp":"2025-09-15T05:33:36.985Z"}
{"level":"info","message":"Server running on port 3000","service":"costing-automation","timestamp":"2025-09-15T05:35:34.783Z"}
{"level":"info","message":"Server running on port 3000","service":"costing-automation","timestamp":"2025-09-15T05:35:49.537Z"}
{"level":"info","message":"Server running on port 3000","service":"costing-automation","timestamp":"2025-09-15T05:35:58.663Z"}
{"level":"info","message":"Server running on port 3000","service":"costing-automation","timestamp":"2025-09-15T05:36:08.537Z"}
{"level":"info","message":"Server running on port 3000","service":"costing-automation","timestamp":"2025-09-15T05:36:11.390Z"}
{"level":"info","message":"Server running on port 3000","service":"costing-automation","timestamp":"2025-09-15T05:37:04.557Z"}
{"level":"info","message":"Server running on port 3000","service":"costing-automation","timestamp":"2025-09-15T05:37:28.359Z"}
{"level":"info","message":"Server running on port 3000","service":"costing-automation","timestamp":"2025-09-15T05:37:55.597Z"}
{"level":"info","message":"Server running on port 3000","service":"costing-automation","timestamp":"2025-09-15T05:38:01.938Z"}
{"level":"info","message":"Server running on port 3000","service":"costing-automation","timestamp":"2025-09-15T05:38:14.964Z"}
{"level":"info","message":"Server running on port 3000","service":"costing-automation","timestamp":"2025-09-15T05:38:18.772Z"}
{"level":"info","message":"Server running on port 3000","service":"costing-automation","timestamp":"2025-09-15T05:38:24.134Z"}
{"level":"info","message":"Server running on port 3000","service":"costing-automation","timestamp":"2025-09-15T05:38:41.125Z"}
{"level":"info","message":"Server running on port 3000","service":"costing-automation","timestamp":"2025-09-15T05:41:12.190Z"}
{"level":"info","message":"Server running on port 3000","service":"costing-automation","timestamp":"2025-09-15T05:41:52.712Z"}
{"level":"info","message":"Server running on port 3000","service":"costing-automation","timestamp":"2025-09-15T05:45:02.965Z"}
{"level":"info","message":"Server running on port 3000","service":"costing-automation","timestamp":"2025-09-15T05:45:06.825Z"}
{"level":"info","message":"Server running on port 3000","service":"costing-automation","timestamp":"2025-09-15T05:45:16.197Z"}
{"level":"info","message":"Server running on port 3000","service":"costing-automation","timestamp":"2025-09-15T05:45:27.632Z"}
{"level":"info","message":"Server running on port 3000","service":"costing-automation","timestamp":"2025-09-15T05:56:19.308Z"}
{"level":"info","message":"Server running on port 3000","service":"costing-automation","timestamp":"2025-09-15T05:56:22.015Z"}
{"level":"info","message":"Server running on port 3000","service":"costing-automation","timestamp":"2025-09-15T05:56:25.080Z"}
{"level":"info","message":"Server running on port 3000","service":"costing-automation","timestamp":"2025-09-15T05:56:34.149Z"}
{"level":"info","message":"Server running on port 3000","service":"costing-automation","timestamp":"2025-09-15T05:56:39.387Z"}
{"level":"info","message":"Server running on port 3000","service":"costing-automation","timestamp":"2025-09-15T05:56:44.404Z"}
{"level":"info","message":"Server running on port 3000","service":"costing-automation","timestamp":"2025-09-15T05:56:48.501Z"}
{"level":"info","message":"Server running on port 3000","service":"costing-automation","timestamp":"2025-09-15T05:56:57.729Z"}
{"level":"info","message":"Server running on port 3000","service":"costing-automation","timestamp":"2025-09-15T05:57:00.239Z"}
{"level":"info","message":"Server running on port 3000","service":"costing-automation","timestamp":"2025-09-15T05:57:16.299Z"}
{"level":"info","message":"Server running on port 3000","service":"costing-automation","timestamp":"2025-09-15T05:57:28.032Z"}
{"level":"info","message":"Server running on port 3000","service":"costing-automation","timestamp":"2025-09-15T05:58:49.097Z"}
{"level":"info","message":"Server running on port 3000","service":"costing-automation","timestamp":"2025-09-15T05:59:23.342Z"}
{"level":"info","message":"Server running on port 3000","service":"costing-automation","timestamp":"2025-09-15T07:24:38.876Z"}
{"level":"info","message":"Server running on port 3000","service":"costing-automation","timestamp":"2025-09-15T23:29:31.623Z"}
{"level":"info","message":"Server running on port 3000","service":"costing-automation","timestamp":"2025-09-15T23:59:32.327Z"}
{"level":"info","message":"Server running on port 3000","service":"costing-automation","timestamp":"2025-09-16T00:12:21.957Z"}
{"level":"info","message":"Server running on port 3000","service":"costing-automation","timestamp":"2025-09-16T00:20:34.003Z"}
{"level":"info","message":"Server running on port 3000","service":"costing-automation","timestamp":"2025-09-16T00:20:47.970Z"}
{"level":"info","message":"Server running on port 3000","service":"costing-automation","timestamp":"2025-09-16T01:54:00.774Z"}
{"level":"info","message":"Server running on port 3000","service":"costing-automation","timestamp":"2025-09-16T02:19:41.876Z"}
{"level":"info","message":"Server running on port 3000","service":"costing-automation","timestamp":"2025-09-16T06:03:49.871Z"}
{"level":"info","message":"Server running on port 3000","service":"costing-automation","timestamp":"2025-09-16T06:04:00.269Z"}
{"level":"info","message":"Server running on port 3000","service":"costing-automation","timestamp":"2025-09-16T06:04:17.236Z"}
{"level":"info","message":"Total records in database: 2773","service":"costing-automation","timestamp":"2025-09-16T06:04:20.097Z"}
{"level":"info","message":"Fetched batch: 1000 records (total so far: 1000)","service":"costing-automation","timestamp":"2025-09-16T06:04:20.501Z"}
{"level":"info","message":"Fetched batch: 1000 records (total so far: 2000)","service":"costing-automation","timestamp":"2025-09-16T06:04:20.744Z"}
{"level":"info","message":"Fetched batch: 773 records (total so far: 2773)","service":"costing-automation","timestamp":"2025-09-16T06:04:20.914Z"}
{"level":"info","message":"Final result: 2773 records loaded, total count: 2773","service":"costing-automation","timestamp":"2025-09-16T06:04:20.915Z"}
{"level":"info","message":"Total records in database: 2773","service":"costing-automation","timestamp":"2025-09-16T06:07:38.943Z"}
{"level":"info","message":"Fetched batch: 1000 records (total so far: 1000)","service":"costing-automation","timestamp":"2025-09-16T06:07:39.615Z"}
{"level":"info","message":"Fetched batch: 1000 records (total so far: 2000)","service":"costing-automation","timestamp":"2025-09-16T06:07:39.978Z"}
{"level":"info","message":"Fetched batch: 773 records (total so far: 2773)","service":"costing-automation","timestamp":"2025-09-16T06:07:40.218Z"}
{"level":"info","message":"Final result: 2773 records loaded, total count: 2773","service":"costing-automation","timestamp":"2025-09-16T06:07:40.219Z"}
{"level":"info","message":"Total records in database: 2773","service":"costing-automation","timestamp":"2025-09-16T06:10:28.013Z"}
{"level":"info","message":"Fetched batch: 1000 records (total so far: 1000)","service":"costing-automation","timestamp":"2025-09-16T06:10:28.483Z"}
{"level":"info","message":"Fetched batch: 1000 records (total so far: 2000)","service":"costing-automation","timestamp":"2025-09-16T06:10:28.947Z"}
{"level":"info","message":"Fetched batch: 773 records (total so far: 2773)","service":"costing-automation","timestamp":"2025-09-16T06:10:29.280Z"}
{"level":"info","message":"Final result: 2773 records loaded, total count: 2773","service":"costing-automation","timestamp":"2025-09-16T06:10:29.281Z"}
{"level":"info","message":"Total records in database: 2773","service":"costing-automation","timestamp":"2025-09-16T06:17:05.658Z"}
{"level":"info","message":"Fetched batch: 1000 records (total so far: 1000)","service":"costing-automation","timestamp":"2025-09-16T06:17:06.388Z"}
{"level":"info","message":"Fetched batch: 1000 records (total so far: 2000)","service":"costing-automation","timestamp":"2025-09-16T06:17:06.723Z"}
{"level":"info","message":"Fetched batch: 773 records (total so far: 2773)","service":"costing-automation","timestamp":"2025-09-16T06:17:06.958Z"}
{"level":"info","message":"Final result: 2773 records loaded, total count: 2773","service":"costing-automation","timestamp":"2025-09-16T06:17:06.959Z"}
{"level":"info","message":"Server running on port 3000","service":"costing-automation","timestamp":"2025-09-18T09:34:23.300Z"}
{"level":"info","message":"Server running on port 3000","service":"costing-automation","timestamp":"2025-09-19T00:31:40.343Z"}
{"level":"info","message":"Total records in database: 2777","service":"costing-automation","timestamp":"2025-09-19T00:31:45.169Z"}
{"level":"info","message":"Fetched batch: 1000 records (total so far: 1000)","service":"costing-automation","timestamp":"2025-09-19T00:31:45.556Z"}
{"level":"info","message":"Fetched batch: 1000 records (total so far: 2000)","service":"costing-automation","timestamp":"2025-09-19T00:31:46.016Z"}
{"level":"info","message":"Fetched batch: 777 records (total so far: 2777)","service":"costing-automation","timestamp":"2025-09-19T00:31:46.268Z"}
{"level":"info","message":"Final result: 2777 records loaded, total count: 2777","service":"costing-automation","timestamp":"2025-09-19T00:31:46.269Z"}
{"level":"info","message":"Total records in database: 2777","service":"costing-automation","timestamp":"2025-09-19T01:03:31.973Z"}
{"level":"info","message":"Fetched batch: 1000 records (total so far: 1000)","service":"costing-automation","timestamp":"2025-09-19T01:03:32.486Z"}
{"level":"info","message":"Fetched batch: 1000 records (total so far: 2000)","service":"costing-automation","timestamp":"2025-09-19T01:03:32.883Z"}
{"level":"info","message":"Fetched batch: 777 records (total so far: 2777)","service":"costing-automation","timestamp":"2025-09-19T01:03:33.508Z"}
{"level":"info","message":"Final result: 2777 records loaded, total count: 2777","service":"costing-automation","timestamp":"2025-09-19T01:03:33.509Z"}
{"level":"info","message":"Total records in database: 2777","service":"costing-automation","timestamp":"2025-09-19T01:06:06.786Z"}
{"level":"info","message":"Fetched batch: 1000 records (total so far: 1000)","service":"costing-automation","timestamp":"2025-09-19T01:06:07.160Z"}
{"level":"info","message":"Fetched batch: 1000 records (total so far: 2000)","service":"costing-automation","timestamp":"2025-09-19T01:06:07.701Z"}
{"level":"info","message":"Fetched batch: 777 records (total so far: 2777)","service":"costing-automation","timestamp":"2025-09-19T01:06:07.894Z"}
{"level":"info","message":"Final result: 2777 records loaded, total count: 2777","service":"costing-automation","timestamp":"2025-09-19T01:06:07.895Z"}
{"level":"info","message":"Total records in database: 2777","service":"costing-automation","timestamp":"2025-09-19T01:08:25.552Z"}
{"level":"info","message":"Fetched batch: 1000 records (total so far: 1000)","service":"costing-automation","timestamp":"2025-09-19T01:08:26.036Z"}
{"level":"info","message":"Fetched batch: 1000 records (total so far: 2000)","service":"costing-automation","timestamp":"2025-09-19T01:08:26.630Z"}
{"level":"info","message":"Fetched batch: 777 records (total so far: 2777)","service":"costing-automation","timestamp":"2025-09-19T01:08:26.891Z"}
{"level":"info","message":"Final result: 2777 records loaded, total count: 2777","service":"costing-automation","timestamp":"2025-09-19T01:08:26.892Z"}
{"level":"info","message":"Total records in database: 2777","service":"costing-automation","timestamp":"2025-09-19T01:13:48.904Z"}
{"level":"info","message":"Fetched batch: 1000 records (total so far: 1000)","service":"costing-automation","timestamp":"2025-09-19T01:13:49.302Z"}
{"level":"info","message":"Fetched batch: 1000 records (total so far: 2000)","service":"costing-automation","timestamp":"2025-09-19T01:13:49.745Z"}
{"level":"info","message":"Fetched batch: 777 records (total so far: 2777)","service":"costing-automation","timestamp":"2025-09-19T01:13:50.143Z"}
{"level":"info","message":"Final result: 2777 records loaded, total count: 2777","service":"costing-automation","timestamp":"2025-09-19T01:13:50.143Z"}
{"level":"info","message":"Total records in database: 2777","service":"costing-automation","timestamp":"2025-09-19T01:17:55.262Z"}
{"level":"info","message":"Fetched batch: 1000 records (total so far: 1000)","service":"costing-automation","timestamp":"2025-09-19T01:17:55.618Z"}
{"level":"info","message":"Fetched batch: 1000 records (total so far: 2000)","service":"costing-automation","timestamp":"2025-09-19T01:17:56.052Z"}
{"level":"info","message":"Fetched batch: 777 records (total so far: 2777)","service":"costing-automation","timestamp":"2025-09-19T01:17:56.362Z"}
{"level":"info","message":"Final result: 2777 records loaded, total count: 2777","service":"costing-automation","timestamp":"2025-09-19T01:17:56.362Z"}
{"level":"info","message":"Total records in database: 2777","service":"costing-automation","timestamp":"2025-09-19T01:20:56.463Z"}
{"level":"info","message":"Fetched batch: 1000 records (total so far: 1000)","service":"costing-automation","timestamp":"2025-09-19T01:20:57.553Z"}
{"level":"info","message":"Fetched batch: 1000 records (total so far: 2000)","service":"costing-automation","timestamp":"2025-09-19T01:20:58.528Z"}
{"level":"info","message":"Fetched batch: 777 records (total so far: 2777)","service":"costing-automation","timestamp":"2025-09-19T01:20:58.894Z"}
{"level":"info","message":"Final result: 2777 records loaded, total count: 2777","service":"costing-automation","timestamp":"2025-09-19T01:20:58.895Z"}
{"level":"info","message":"Total records in database: 2777","service":"costing-automation","timestamp":"2025-09-19T01:25:29.268Z"}
{"level":"info","message":"Fetched batch: 1000 records (total so far: 1000)","service":"costing-automation","timestamp":"2025-09-19T01:25:30.173Z"}
{"level":"info","message":"Fetched batch: 1000 records (total so far: 2000)","service":"costing-automation","timestamp":"2025-09-19T01:25:32.085Z"}
{"level":"info","message":"Fetched batch: 777 records (total so far: 2777)","service":"costing-automation","timestamp":"2025-09-19T01:25:32.500Z"}
{"level":"info","message":"Final result: 2777 records loaded, total count: 2777","service":"costing-automation","timestamp":"2025-09-19T01:25:32.500Z"}
{"level":"info","message":"Total records in database: 2777","service":"costing-automation","timestamp":"2025-09-19T01:35:46.228Z"}
{"level":"info","message":"Fetched batch: 1000 records (total so far: 1000)","service":"costing-automation","timestamp":"2025-09-19T01:35:46.584Z"}
{"level":"info","message":"Fetched batch: 1000 records (total so far: 2000)","service":"costing-automation","timestamp":"2025-09-19T01:35:46.881Z"}
{"level":"info","message":"Fetched batch: 777 records (total so far: 2777)","service":"costing-automation","timestamp":"2025-09-19T01:35:47.033Z"}
{"level":"info","message":"Final result: 2777 records loaded, total count: 2777","service":"costing-automation","timestamp":"2025-09-19T01:35:47.034Z"}
{"level":"info","message":"Total records in database: 2777","service":"costing-automation","timestamp":"2025-09-19T01:38:16.687Z"}
{"level":"info","message":"Fetched batch: 1000 records (total so far: 1000)","service":"costing-automation","timestamp":"2025-09-19T01:38:17.076Z"}
{"level":"info","message":"Fetched batch: 1000 records (total so far: 2000)","service":"costing-automation","timestamp":"2025-09-19T01:38:17.325Z"}
{"level":"info","message":"Fetched batch: 777 records (total so far: 2777)","service":"costing-automation","timestamp":"2025-09-19T01:38:17.548Z"}
{"level":"info","message":"Final result: 2777 records loaded, total count: 2777","service":"costing-automation","timestamp":"2025-09-19T01:38:17.549Z"}
{"level":"info","message":"Total records in database: 2777","service":"costing-automation","timestamp":"2025-09-19T01:43:37.333Z"}
{"level":"info","message":"Fetched batch: 1000 records (total so far: 1000)","service":"costing-automation","timestamp":"2025-09-19T01:43:37.884Z"}
{"level":"info","message":"Fetched batch: 1000 records (total so far: 2000)","service":"costing-automation","timestamp":"2025-09-19T01:43:38.367Z"}
{"level":"info","message":"Fetched batch: 777 records (total so far: 2777)","service":"costing-automation","timestamp":"2025-09-19T01:43:38.952Z"}
{"level":"info","message":"Final result: 2777 records loaded, total count: 2777","service":"costing-automation","timestamp":"2025-09-19T01:43:38.953Z"}
{"level":"info","message":"Total records in database: 2777","service":"costing-automation","timestamp":"2025-09-19T02:00:28.650Z"}
{"level":"info","message":"Fetched batch: 1000 records (total so far: 1000)","service":"costing-automation","timestamp":"2025-09-19T02:00:29.333Z"}
{"level":"info","message":"Fetched batch: 1000 records (total so far: 2000)","service":"costing-automation","timestamp":"2025-09-19T02:00:29.673Z"}
{"level":"info","message":"Fetched batch: 777 records (total so far: 2777)","service":"costing-automation","timestamp":"2025-09-19T02:00:29.946Z"}
{"level":"info","message":"Final result: 2777 records loaded, total count: 2777","service":"costing-automation","timestamp":"2025-09-19T02:00:29.947Z"}
{"level":"info","message":"Total records in database: 2777","service":"costing-automation","timestamp":"2025-09-19T02:30:28.490Z"}
{"level":"info","message":"Fetched batch: 1000 records (total so far: 1000)","service":"costing-automation","timestamp":"2025-09-19T02:30:28.907Z"}
{"level":"info","message":"Fetched batch: 1000 records (total so far: 2000)","service":"costing-automation","timestamp":"2025-09-19T02:30:29.227Z"}
{"level":"info","message":"Fetched batch: 777 records (total so far: 2777)","service":"costing-automation","timestamp":"2025-09-19T02:30:29.498Z"}
{"level":"info","message":"Final result: 2777 records loaded, total count: 2777","service":"costing-automation","timestamp":"2025-09-19T02:30:29.499Z"}
{"level":"info","message":"Total records in database: 2777","service":"costing-automation","timestamp":"2025-09-19T02:34:04.850Z"}
{"level":"info","message":"Fetched batch: 1000 records (total so far: 1000)","service":"costing-automation","timestamp":"2025-09-19T02:34:05.270Z"}
{"level":"info","message":"Fetched batch: 1000 records (total so far: 2000)","service":"costing-automation","timestamp":"2025-09-19T02:34:05.668Z"}
{"level":"info","message":"Fetched batch: 777 records (total so far: 2777)","service":"costing-automation","timestamp":"2025-09-19T02:34:06.321Z"}
{"level":"info","message":"Final result: 2777 records loaded, total count: 2777","service":"costing-automation","timestamp":"2025-09-19T02:34:06.322Z"}
{"level":"info","message":"Total records in database: 2777","service":"costing-automation","timestamp":"2025-09-19T02:36:49.621Z"}
{"level":"info","message":"Fetched batch: 1000 records (total so far: 1000)","service":"costing-automation","timestamp":"2025-09-19T02:36:50.003Z"}
{"level":"info","message":"Fetched batch: 1000 records (total so far: 2000)","service":"costing-automation","timestamp":"2025-09-19T02:36:50.407Z"}
{"level":"info","message":"Fetched batch: 777 records (total so far: 2777)","service":"costing-automation","timestamp":"2025-09-19T02:36:50.686Z"}
{"level":"info","message":"Final result: 2777 records loaded, total count: 2777","service":"costing-automation","timestamp":"2025-09-19T02:36:50.686Z"}
{"level":"info","message":"Total records in database: 2778","service":"costing-automation","timestamp":"2025-09-19T02:39:14.604Z"}
{"level":"info","message":"Fetched batch: 1000 records (total so far: 1000)","service":"costing-automation","timestamp":"2025-09-19T02:39:14.969Z"}
{"level":"info","message":"Fetched batch: 1000 records (total so far: 2000)","service":"costing-automation","timestamp":"2025-09-19T02:39:15.255Z"}
{"level":"info","message":"Fetched batch: 778 records (total so far: 2778)","service":"costing-automation","timestamp":"2025-09-19T02:39:15.502Z"}
{"level":"info","message":"Final result: 2778 records loaded, total count: 2778","service":"costing-automation","timestamp":"2025-09-19T02:39:15.502Z"}
{"level":"info","message":"Total records in database: 2778","service":"costing-automation","timestamp":"2025-09-19T02:41:06.088Z"}
{"level":"info","message":"Fetched batch: 1000 records (total so far: 1000)","service":"costing-automation","timestamp":"2025-09-19T02:41:06.699Z"}
{"level":"info","message":"Fetched batch: 1000 records (total so far: 2000)","service":"costing-automation","timestamp":"2025-09-19T02:41:07.059Z"}
{"level":"info","message":"Fetched batch: 778 records (total so far: 2778)","service":"costing-automation","timestamp":"2025-09-19T02:41:07.204Z"}
{"level":"info","message":"Final result: 2778 records loaded, total count: 2778","service":"costing-automation","timestamp":"2025-09-19T02:41:07.204Z"}
{"level":"info","message":"Total records in database: 2778","service":"costing-automation","timestamp":"2025-09-19T02:42:42.240Z"}
{"level":"info","message":"Fetched batch: 1000 records (total so far: 1000)","service":"costing-automation","timestamp":"2025-09-19T02:42:43.009Z"}
{"level":"info","message":"Fetched batch: 1000 records (total so far: 2000)","service":"costing-automation","timestamp":"2025-09-19T02:42:43.479Z"}
{"level":"info","message":"Fetched batch: 778 records (total so far: 2778)","service":"costing-automation","timestamp":"2025-09-19T02:42:43.867Z"}
{"level":"info","message":"Final result: 2778 records loaded, total count: 2778","service":"costing-automation","timestamp":"2025-09-19T02:42:43.868Z"}
{"level":"info","message":"Total records in database: 2781","service":"costing-automation","timestamp":"2025-09-19T02:52:20.525Z"}
{"level":"info","message":"Fetched batch: 1000 records (total so far: 1000)","service":"costing-automation","timestamp":"2025-09-19T02:52:20.891Z"}
{"level":"info","message":"Fetched batch: 1000 records (total so far: 2000)","service":"costing-automation","timestamp":"2025-09-19T02:52:21.183Z"}
{"level":"info","message":"Fetched batch: 781 records (total so far: 2781)","service":"costing-automation","timestamp":"2025-09-19T02:52:21.414Z"}
{"level":"info","message":"Final result: 2781 records loaded, total count: 2781","service":"costing-automation","timestamp":"2025-09-19T02:52:21.414Z"}
{"level":"info","message":"Total records in database: 2781","service":"costing-automation","timestamp":"2025-09-19T02:57:36.972Z"}
{"level":"info","message":"Fetched batch: 1000 records (total so far: 1000)","service":"costing-automation","timestamp":"2025-09-19T02:57:37.776Z"}
{"level":"info","message":"Fetched batch: 1000 records (total so far: 2000)","service":"costing-automation","timestamp":"2025-09-19T02:57:38.260Z"}
{"level":"info","message":"Fetched batch: 781 records (total so far: 2781)","service":"costing-automation","timestamp":"2025-09-19T02:57:38.522Z"}
{"level":"info","message":"Final result: 2781 records loaded, total count: 2781","service":"costing-automation","timestamp":"2025-09-19T02:57:38.523Z"}
{"level":"info","message":"Total records in database: 2781","service":"costing-automation","timestamp":"2025-09-19T02:59:58.892Z"}
{"level":"info","message":"Fetched batch: 1000 records (total so far: 1000)","service":"costing-automation","timestamp":"2025-09-19T03:00:00.139Z"}
{"level":"info","message":"Fetched batch: 1000 records (total so far: 2000)","service":"costing-automation","timestamp":"2025-09-19T03:00:00.468Z"}
{"level":"info","message":"Fetched batch: 781 records (total so far: 2781)","service":"costing-automation","timestamp":"2025-09-19T03:00:00.673Z"}
{"level":"info","message":"Final result: 2781 records loaded, total count: 2781","service":"costing-automation","timestamp":"2025-09-19T03:00:00.674Z"}
{"level":"info","message":"Total records in database: 2782","service":"costing-automation","timestamp":"2025-09-19T03:01:20.930Z"}
{"level":"info","message":"Fetched batch: 1000 records (total so far: 1000)","service":"costing-automation","timestamp":"2025-09-19T03:01:21.352Z"}
{"level":"info","message":"Fetched batch: 1000 records (total so far: 2000)","service":"costing-automation","timestamp":"2025-09-19T03:01:21.751Z"}
{"level":"info","message":"Fetched batch: 782 records (total so far: 2782)","service":"costing-automation","timestamp":"2025-09-19T03:01:22.015Z"}
{"level":"info","message":"Final result: 2782 records loaded, total count: 2782","service":"costing-automation","timestamp":"2025-09-19T03:01:22.015Z"}
{"level":"info","message":"Server running on port 3000","service":"costing-automation","timestamp":"2025-09-18T00:11:08.512Z"}
{"level":"info","message":"Server running on port 3000","service":"costing-automation","timestamp":"2025-09-18T23:37:39.652Z"}
{"level":"info","message":"Total records in database: 2777","service":"costing-automation","timestamp":"2025-09-18T23:37:45.360Z"}
{"level":"info","message":"Fetched batch: 1000 records (total so far: 1000)","service":"costing-automation","timestamp":"2025-09-18T23:37:45.953Z"}
{"level":"info","message":"Fetched batch: 1000 records (total so far: 2000)","service":"costing-automation","timestamp":"2025-09-18T23:37:46.297Z"}
{"level":"info","message":"Fetched batch: 777 records (total so far: 2777)","service":"costing-automation","timestamp":"2025-09-18T23:37:46.681Z"}
{"level":"info","message":"Final result: 2777 records loaded, total count: 2777","service":"costing-automation","timestamp":"2025-09-18T23:37:46.682Z"}
{"level":"info","message":"Total records in database: 2777","service":"costing-automation","timestamp":"2025-09-18T23:43:15.200Z"}
{"level":"info","message":"Fetched batch: 1000 records (total so far: 1000)","service":"costing-automation","timestamp":"2025-09-18T23:43:15.691Z"}
{"level":"info","message":"Fetched batch: 1000 records (total so far: 2000)","service":"costing-automation","timestamp":"2025-09-18T23:43:16.051Z"}
{"level":"info","message":"Fetched batch: 777 records (total so far: 2777)","service":"costing-automation","timestamp":"2025-09-18T23:43:16.420Z"}
{"level":"info","message":"Final result: 2777 records loaded, total count: 2777","service":"costing-automation","timestamp":"2025-09-18T23:43:16.421Z"}
{"level":"info","message":"Total records in database: 2777","service":"costing-automation","timestamp":"2025-09-18T23:45:42.284Z"}
{"level":"info","message":"Fetched batch: 1000 records (total so far: 1000)","service":"costing-automation","timestamp":"2025-09-18T23:45:42.753Z"}
{"level":"info","message":"Fetched batch: 1000 records (total so far: 2000)","service":"costing-automation","timestamp":"2025-09-18T23:45:42.988Z"}
{"level":"info","message":"Fetched batch: 777 records (total so far: 2777)","service":"costing-automation","timestamp":"2025-09-18T23:45:43.309Z"}
{"level":"info","message":"Final result: 2777 records loaded, total count: 2777","service":"costing-automation","timestamp":"2025-09-18T23:45:43.310Z"}
{"level":"info","message":"Total records in database: 2777","service":"costing-automation","timestamp":"2025-09-18T23:49:28.963Z"}
{"level":"info","message":"Fetched batch: 1000 records (total so far: 1000)","service":"costing-automation","timestamp":"2025-09-18T23:49:29.389Z"}
{"level":"info","message":"Fetched batch: 1000 records (total so far: 2000)","service":"costing-automation","timestamp":"2025-09-18T23:49:29.736Z"}
{"level":"info","message":"Fetched batch: 777 records (total so far: 2777)","service":"costing-automation","timestamp":"2025-09-18T23:49:30.028Z"}
{"level":"info","message":"Final result: 2777 records loaded, total count: 2777","service":"costing-automation","timestamp":"2025-09-18T23:49:30.029Z"}
{"level":"info","message":"Total records in database: 2777","service":"costing-automation","timestamp":"2025-09-18T23:51:32.908Z"}
{"level":"info","message":"Fetched batch: 1000 records (total so far: 1000)","service":"costing-automation","timestamp":"2025-09-18T23:51:34.262Z"}
{"level":"info","message":"Fetched batch: 1000 records (total so far: 2000)","service":"costing-automation","timestamp":"2025-09-18T23:51:35.218Z"}
{"level":"info","message":"Fetched batch: 777 records (total so far: 2777)","service":"costing-automation","timestamp":"2025-09-18T23:51:35.609Z"}
{"level":"info","message":"Final result: 2777 records loaded, total count: 2777","service":"costing-automation","timestamp":"2025-09-18T23:51:35.610Z"}
{"level":"info","message":"Total records in database: 2777","service":"costing-automation","timestamp":"2025-09-18T23:54:52.375Z"}
{"level":"info","message":"Fetched batch: 1000 records (total so far: 1000)","service":"costing-automation","timestamp":"2025-09-18T23:54:53.154Z"}
{"level":"info","message":"Fetched batch: 1000 records (total so far: 2000)","service":"costing-automation","timestamp":"2025-09-18T23:54:53.597Z"}
{"level":"info","message":"Fetched batch: 777 records (total so far: 2777)","service":"costing-automation","timestamp":"2025-09-18T23:54:53.971Z"}
{"level":"info","message":"Final result: 2777 records loaded, total count: 2777","service":"costing-automation","timestamp":"2025-09-18T23:54:53.973Z"}
{"level":"info","message":"Total records in database: 2777","service":"costing-automation","timestamp":"2025-09-19T00:13:55.468Z"}
{"level":"info","message":"Fetched batch: 1000 records (total so far: 1000)","service":"costing-automation","timestamp":"2025-09-19T00:13:55.832Z"}
{"level":"info","message":"Fetched batch: 1000 records (total so far: 2000)","service":"costing-automation","timestamp":"2025-09-19T00:13:56.336Z"}
{"level":"info","message":"Fetched batch: 777 records (total so far: 2777)","service":"costing-automation","timestamp":"2025-09-19T00:13:56.745Z"}
{"level":"info","message":"Final result: 2777 records loaded, total count: 2777","service":"costing-automation","timestamp":"2025-09-19T00:13:56.747Z"}
{"level":"info","message":"Total records in database: 2777","service":"costing-automation","timestamp":"2025-09-19T00:22:09.109Z"}
{"level":"info","message":"Fetched batch: 1000 records (total so far: 1000)","service":"costing-automation","timestamp":"2025-09-19T00:22:09.555Z"}
{"level":"info","message":"Fetched batch: 1000 records (total so far: 2000)","service":"costing-automation","timestamp":"2025-09-19T00:22:10.231Z"}
{"level":"info","message":"Fetched batch: 777 records (total so far: 2777)","service":"costing-automation","timestamp":"2025-09-19T00:22:10.599Z"}
{"level":"info","message":"Final result: 2777 records loaded, total count: 2777","service":"costing-automation","timestamp":"2025-09-19T00:22:10.599Z"}
{"level":"info","message":"Total records in database: 2777","service":"costing-automation","timestamp":"2025-09-19T00:25:56.265Z"}
{"level":"info","message":"Fetched batch: 1000 records (total so far: 1000)","service":"costing-automation","timestamp":"2025-09-19T00:25:57.709Z"}
{"level":"info","message":"Fetched batch: 1000 records (total so far: 2000)","service":"costing-automation","timestamp":"2025-09-19T00:25:59.413Z"}
{"level":"info","message":"Fetched batch: 777 records (total so far: 2777)","service":"costing-automation","timestamp":"2025-09-19T00:26:00.014Z"}
{"level":"info","message":"Final result: 2777 records loaded, total count: 2777","service":"costing-automation","timestamp":"2025-09-19T00:26:00.016Z"}
{"level":"info","message":"Total records in database: 2777","service":"costing-automation","timestamp":"2025-09-19T00:31:19.557Z"}
{"level":"info","message":"Fetched batch: 1000 records (total so far: 1000)","service":"costing-automation","timestamp":"2025-09-19T00:31:20.998Z"}
{"level":"info","message":"Fetched batch: 1000 records (total so far: 2000)","service":"costing-automation","timestamp":"2025-09-19T00:31:21.509Z"}
{"level":"info","message":"Fetched batch: 777 records (total so far: 2777)","service":"costing-automation","timestamp":"2025-09-19T00:31:21.817Z"}
{"level":"info","message":"Final result: 2777 records loaded, total count: 2777","service":"costing-automation","timestamp":"2025-09-19T00:31:21.818Z"}
{"level":"info","message":"Total records in database: 2777","service":"costing-automation","timestamp":"2025-09-19T00:37:44.608Z"}
{"level":"info","message":"Fetched batch: 1000 records (total so far: 1000)","service":"costing-automation","timestamp":"2025-09-19T00:37:46.109Z"}
{"level":"info","message":"Fetched batch: 1000 records (total so far: 2000)","service":"costing-automation","timestamp":"2025-09-19T00:37:46.487Z"}
{"level":"info","message":"Fetched batch: 777 records (total so far: 2777)","service":"costing-automation","timestamp":"2025-09-19T00:37:46.938Z"}
{"level":"info","message":"Final result: 2777 records loaded, total count: 2777","service":"costing-automation","timestamp":"2025-09-19T00:37:46.938Z"}
{"level":"info","message":"Total records in database: 2777","service":"costing-automation","timestamp":"2025-09-19T00:40:16.109Z"}
{"level":"info","message":"Fetched batch: 1000 records (total so far: 1000)","service":"costing-automation","timestamp":"2025-09-19T00:40:16.528Z"}
{"level":"info","message":"Fetched batch: 1000 records (total so far: 2000)","service":"costing-automation","timestamp":"2025-09-19T00:40:16.863Z"}
{"level":"info","message":"Fetched batch: 777 records (total so far: 2777)","service":"costing-automation","timestamp":"2025-09-19T00:40:17.084Z"}
{"level":"info","message":"Final result: 2777 records loaded, total count: 2777","service":"costing-automation","timestamp":"2025-09-19T00:40:17.085Z"}
{"level":"info","message":"Total records in database: 2777","service":"costing-automation","timestamp":"2025-09-19T00:55:07.389Z"}
{"level":"info","message":"Fetched batch: 1000 records (total so far: 1000)","service":"costing-automation","timestamp":"2025-09-19T00:55:08.298Z"}
{"level":"info","message":"Fetched batch: 1000 records (total so far: 2000)","service":"costing-automation","timestamp":"2025-09-19T00:55:08.771Z"}
{"level":"info","message":"Fetched batch: 777 records (total so far: 2777)","service":"costing-automation","timestamp":"2025-09-19T00:55:09.003Z"}
{"level":"info","message":"Final result: 2777 records loaded, total count: 2777","service":"costing-automation","timestamp":"2025-09-19T00:55:09.003Z"}
{"level":"info","message":"Total records in database: 2777","service":"costing-automation","timestamp":"2025-09-19T00:59:06.062Z"}
{"level":"info","message":"Fetched batch: 1000 records (total so far: 1000)","service":"costing-automation","timestamp":"2025-09-19T00:59:06.739Z"}
{"level":"info","message":"Fetched batch: 1000 records (total so far: 2000)","service":"costing-automation","timestamp":"2025-09-19T00:59:07.123Z"}
{"level":"info","message":"Fetched batch: 777 records (total so far: 2777)","service":"costing-automation","timestamp":"2025-09-19T00:59:07.402Z"}
{"level":"info","message":"Final result: 2777 records loaded, total count: 2777","service":"costing-automation","timestamp":"2025-09-19T00:59:07.403Z"}
{"level":"info","message":"Server running on port 3000","service":"costing-automation","timestamp":"2025-09-19T00:59:54.285Z"}
{"level":"info","message":"Total records in database: 2777","service":"costing-automation","timestamp":"2025-09-19T00:59:59.031Z"}
{"level":"info","message":"Fetched batch: 1000 records (total so far: 1000)","service":"costing-automation","timestamp":"2025-09-19T00:59:59.515Z"}
{"level":"info","message":"Fetched batch: 1000 records (total so far: 2000)","service":"costing-automation","timestamp":"2025-09-19T00:59:59.932Z"}
{"level":"info","message":"Fetched batch: 777 records (total so far: 2777)","service":"costing-automation","timestamp":"2025-09-19T01:00:00.429Z"}
{"level":"info","message":"Final result: 2777 records loaded, total count: 2777","service":"costing-automation","timestamp":"2025-09-19T01:00:00.430Z"}
{"level":"info","message":"Total records in database: 2777","service":"costing-automation","timestamp":"2025-09-19T01:03:16.544Z"}
{"level":"info","message":"Fetched batch: 1000 records (total so far: 1000)","service":"costing-automation","timestamp":"2025-09-19T01:03:16.915Z"}
{"level":"info","message":"Fetched batch: 1000 records (total so far: 2000)","service":"costing-automation","timestamp":"2025-09-19T01:03:17.233Z"}
{"level":"info","message":"Fetched batch: 777 records (total so far: 2777)","service":"costing-automation","timestamp":"2025-09-19T01:03:17.600Z"}
{"level":"info","message":"Final result: 2777 records loaded, total count: 2777","service":"costing-automation","timestamp":"2025-09-19T01:03:17.601Z"}
{"level":"info","message":"Total records in database: 2777","service":"costing-automation","timestamp":"2025-09-19T01:05:39.565Z"}
{"level":"info","message":"Fetched batch: 1000 records (total so far: 1000)","service":"costing-automation","timestamp":"2025-09-19T01:05:40.049Z"}
{"level":"info","message":"Fetched batch: 1000 records (total so far: 2000)","service":"costing-automation","timestamp":"2025-09-19T01:05:40.663Z"}
{"level":"info","message":"Fetched batch: 777 records (total so far: 2777)","service":"costing-automation","timestamp":"2025-09-19T01:05:41.075Z"}
{"level":"info","message":"Final result: 2777 records loaded, total count: 2777","service":"costing-automation","timestamp":"2025-09-19T01:05:41.075Z"}
{"level":"info","message":"Total records in database: 2777","service":"costing-automation","timestamp":"2025-09-19T01:05:59.546Z"}
{"level":"info","message":"Fetched batch: 1000 records (total so far: 1000)","service":"costing-automation","timestamp":"2025-09-19T01:06:00.092Z"}
{"level":"info","message":"Fetched batch: 1000 records (total so far: 2000)","service":"costing-automation","timestamp":"2025-09-19T01:06:00.736Z"}
{"level":"info","message":"Fetched batch: 777 records (total so far: 2777)","service":"costing-automation","timestamp":"2025-09-19T01:06:01.037Z"}
{"level":"info","message":"Final result: 2777 records loaded, total count: 2777","service":"costing-automation","timestamp":"2025-09-19T01:06:01.038Z"}
{"level":"info","message":"Total records in database: 2777","service":"costing-automation","timestamp":"2025-09-19T01:10:57.232Z"}
{"level":"info","message":"Fetched batch: 1000 records (total so far: 1000)","service":"costing-automation","timestamp":"2025-09-19T01:10:57.600Z"}
{"level":"info","message":"Fetched batch: 1000 records (total so far: 2000)","service":"costing-automation","timestamp":"2025-09-19T01:10:58.159Z"}
{"level":"info","message":"Fetched batch: 777 records (total so far: 2777)","service":"costing-automation","timestamp":"2025-09-19T01:10:58.564Z"}
{"level":"info","message":"Final result: 2777 records loaded, total count: 2777","service":"costing-automation","timestamp":"2025-09-19T01:10:58.565Z"}
{"level":"info","message":"Total records in database: 2777","service":"costing-automation","timestamp":"2025-09-19T01:12:26.402Z"}
{"level":"info","message":"Fetched batch: 1000 records (total so far: 1000)","service":"costing-automation","timestamp":"2025-09-19T01:12:26.943Z"}
{"level":"info","message":"Fetched batch: 1000 records (total so far: 2000)","service":"costing-automation","timestamp":"2025-09-19T01:12:27.331Z"}
{"level":"info","message":"Fetched batch: 777 records (total so far: 2777)","service":"costing-automation","timestamp":"2025-09-19T01:12:27.539Z"}
{"level":"info","message":"Final result: 2777 records loaded, total count: 2777","service":"costing-automation","timestamp":"2025-09-19T01:12:27.539Z"}
{"level":"info","message":"Total records in database: 2777","service":"costing-automation","timestamp":"2025-09-19T01:13:02.446Z"}
{"level":"info","message":"Fetched batch: 1000 records (total so far: 1000)","service":"costing-automation","timestamp":"2025-09-19T01:13:03.597Z"}
{"level":"info","message":"Fetched batch: 1000 records (total so far: 2000)","service":"costing-automation","timestamp":"2025-09-19T01:13:04.054Z"}
{"level":"info","message":"Fetched batch: 777 records (total so far: 2777)","service":"costing-automation","timestamp":"2025-09-19T01:13:04.517Z"}
{"level":"info","message":"Final result: 2777 records loaded, total count: 2777","service":"costing-automation","timestamp":"2025-09-19T01:13:04.517Z"}
{"level":"info","message":"Total records in database: 2777","service":"costing-automation","timestamp":"2025-09-19T01:15:37.969Z"}
{"level":"info","message":"Fetched batch: 1000 records (total so far: 1000)","service":"costing-automation","timestamp":"2025-09-19T01:15:38.693Z"}
{"level":"info","message":"Fetched batch: 1000 records (total so far: 2000)","service":"costing-automation","timestamp":"2025-09-19T01:15:39.093Z"}
{"level":"info","message":"Fetched batch: 777 records (total so far: 2777)","service":"costing-automation","timestamp":"2025-09-19T01:15:39.378Z"}
{"level":"info","message":"Final result: 2777 records loaded, total count: 2777","service":"costing-automation","timestamp":"2025-09-19T01:15:39.383Z"}
{"level":"info","message":"Total records in database: 2777","service":"costing-automation","timestamp":"2025-09-19T01:19:03.911Z"}
{"level":"info","message":"Fetched batch: 1000 records (total so far: 1000)","service":"costing-automation","timestamp":"2025-09-19T01:19:04.248Z"}
{"level":"info","message":"Fetched batch: 1000 records (total so far: 2000)","service":"costing-automation","timestamp":"2025-09-19T01:19:04.595Z"}
{"level":"info","message":"Fetched batch: 777 records (total so far: 2777)","service":"costing-automation","timestamp":"2025-09-19T01:19:04.818Z"}
{"level":"info","message":"Final result: 2777 records loaded, total count: 2777","service":"costing-automation","timestamp":"2025-09-19T01:19:04.818Z"}
{"level":"info","message":"Total records in database: 2777","service":"costing-automation","timestamp":"2025-09-19T01:23:15.536Z"}
{"level":"info","message":"Fetched batch: 1000 records (total so far: 1000)","service":"costing-automation","timestamp":"2025-09-19T01:23:16.158Z"}
{"level":"info","message":"Fetched batch: 1000 records (total so far: 2000)","service":"costing-automation","timestamp":"2025-09-19T01:23:16.577Z"}
{"level":"info","message":"Fetched batch: 777 records (total so far: 2777)","service":"costing-automation","timestamp":"2025-09-19T01:23:16.765Z"}
{"level":"info","message":"Final result: 2777 records loaded, total count: 2777","service":"costing-automation","timestamp":"2025-09-19T01:23:16.766Z"}
{"level":"info","message":"Total records in database: 2777","service":"costing-automation","timestamp":"2025-09-19T01:26:03.083Z"}
{"level":"info","message":"Fetched batch: 1000 records (total so far: 1000)","service":"costing-automation","timestamp":"2025-09-19T01:26:03.536Z"}
{"level":"info","message":"Fetched batch: 1000 records (total so far: 2000)","service":"costing-automation","timestamp":"2025-09-19T01:26:03.883Z"}
{"level":"info","message":"Fetched batch: 777 records (total so far: 2777)","service":"costing-automation","timestamp":"2025-09-19T01:26:04.179Z"}
{"level":"info","message":"Final result: 2777 records loaded, total count: 2777","service":"costing-automation","timestamp":"2025-09-19T01:26:04.180Z"}
{"level":"info","message":"Total records in database: 2777","service":"costing-automation","timestamp":"2025-09-19T01:27:31.331Z"}
{"level":"info","message":"Fetched batch: 1000 records (total so far: 1000)","service":"costing-automation","timestamp":"2025-09-19T01:27:31.736Z"}
{"level":"info","message":"Fetched batch: 1000 records (total so far: 2000)","service":"costing-automation","timestamp":"2025-09-19T01:27:32.177Z"}
{"level":"info","message":"Fetched batch: 777 records (total so far: 2777)","service":"costing-automation","timestamp":"2025-09-19T01:27:32.665Z"}
{"level":"info","message":"Final result: 2777 records loaded, total count: 2777","service":"costing-automation","timestamp":"2025-09-19T01:27:32.666Z"}
{"level":"info","message":"Total records in database: 2777","service":"costing-automation","timestamp":"2025-09-19T01:29:49.799Z"}
{"level":"info","message":"Fetched batch: 1000 records (total so far: 1000)","service":"costing-automation","timestamp":"2025-09-19T01:29:51.523Z"}
{"level":"info","message":"Fetched batch: 1000 records (total so far: 2000)","service":"costing-automation","timestamp":"2025-09-19T01:29:52.545Z"}
{"level":"info","message":"Fetched batch: 777 records (total so far: 2777)","service":"costing-automation","timestamp":"2025-09-19T01:29:53.063Z"}
{"level":"info","message":"Final result: 2777 records loaded, total count: 2777","service":"costing-automation","timestamp":"2025-09-19T01:29:53.063Z"}
{"level":"info","message":"Total records in database: 2777","service":"costing-automation","timestamp":"2025-09-19T01:33:25.813Z"}
{"level":"info","message":"Fetched batch: 1000 records (total so far: 1000)","service":"costing-automation","timestamp":"2025-09-19T01:33:26.728Z"}
{"level":"info","message":"Fetched batch: 1000 records (total so far: 2000)","service":"costing-automation","timestamp":"2025-09-19T01:33:27.369Z"}
{"level":"info","message":"Fetched batch: 777 records (total so far: 2777)","service":"costing-automation","timestamp":"2025-09-19T01:33:27.535Z"}
{"level":"info","message":"Final result: 2777 records loaded, total count: 2777","service":"costing-automation","timestamp":"2025-09-19T01:33:27.536Z"}
{"level":"info","message":"Total records in database: 2777","service":"costing-automation","timestamp":"2025-09-19T01:35:17.410Z"}
{"level":"info","message":"Fetched batch: 1000 records (total so far: 1000)","service":"costing-automation","timestamp":"2025-09-19T01:35:18.155Z"}
{"level":"info","message":"Fetched batch: 1000 records (total so far: 2000)","service":"costing-automation","timestamp":"2025-09-19T01:35:18.499Z"}
{"level":"info","message":"Fetched batch: 777 records (total so far: 2777)","service":"costing-automation","timestamp":"2025-09-19T01:35:18.761Z"}
{"level":"info","message":"Final result: 2777 records loaded, total count: 2777","service":"costing-automation","timestamp":"2025-09-19T01:35:18.762Z"}
{"level":"info","message":"Total records in database: 2777","service":"costing-automation","timestamp":"2025-09-19T01:36:49.535Z"}
{"level":"info","message":"Fetched batch: 1000 records (total so far: 1000)","service":"costing-automation","timestamp":"2025-09-19T01:36:49.944Z"}
{"level":"info","message":"Fetched batch: 1000 records (total so far: 2000)","service":"costing-automation","timestamp":"2025-09-19T01:36:50.246Z"}
{"level":"info","message":"Fetched batch: 777 records (total so far: 2777)","service":"costing-automation","timestamp":"2025-09-19T01:36:50.559Z"}
{"level":"info","message":"Final result: 2777 records loaded, total count: 2777","service":"costing-automation","timestamp":"2025-09-19T01:36:50.559Z"}
{"level":"info","message":"Total records in database: 2777","service":"costing-automation","timestamp":"2025-09-19T01:39:27.501Z"}
{"level":"info","message":"Fetched batch: 1000 records (total so far: 1000)","service":"costing-automation","timestamp":"2025-09-19T01:39:28.601Z"}
{"level":"info","message":"Fetched batch: 1000 records (total so far: 2000)","service":"costing-automation","timestamp":"2025-09-19T01:39:30.533Z"}
{"level":"info","message":"Fetched batch: 777 records (total so far: 2777)","service":"costing-automation","timestamp":"2025-09-19T01:39:30.899Z"}
{"level":"info","message":"Final result: 2777 records loaded, total count: 2777","service":"costing-automation","timestamp":"2025-09-19T01:39:30.900Z"}
{"level":"info","message":"Total records in database: 2777","service":"costing-automation","timestamp":"2025-09-19T01:41:37.886Z"}
{"level":"info","message":"Fetched batch: 1000 records (total so far: 1000)","service":"costing-automation","timestamp":"2025-09-19T01:41:38.249Z"}
{"level":"info","message":"Fetched batch: 1000 records (total so far: 2000)","service":"costing-automation","timestamp":"2025-09-19T01:41:38.543Z"}
{"level":"info","message":"Fetched batch: 777 records (total so far: 2777)","service":"costing-automation","timestamp":"2025-09-19T01:41:38.712Z"}
{"level":"info","message":"Final result: 2777 records loaded, total count: 2777","service":"costing-automation","timestamp":"2025-09-19T01:41:38.713Z"}
{"level":"info","message":"Total records in database: 2777","service":"costing-automation","timestamp":"2025-09-19T01:44:35.098Z"}
{"level":"info","message":"Fetched batch: 1000 records (total so far: 1000)","service":"costing-automation","timestamp":"2025-09-19T01:44:35.548Z"}
{"level":"info","message":"Fetched batch: 1000 records (total so far: 2000)","service":"costing-automation","timestamp":"2025-09-19T01:44:36.201Z"}
{"level":"info","message":"Fetched batch: 777 records (total so far: 2777)","service":"costing-automation","timestamp":"2025-09-19T01:44:36.599Z"}
{"level":"info","message":"Final result: 2777 records loaded, total count: 2777","service":"costing-automation","timestamp":"2025-09-19T01:44:36.600Z"}
{"level":"info","message":"Total records in database: 2777","service":"costing-automation","timestamp":"2025-09-19T01:46:33.840Z"}
{"level":"info","message":"Fetched batch: 1000 records (total so far: 1000)","service":"costing-automation","timestamp":"2025-09-19T01:46:34.459Z"}
{"level":"info","message":"Fetched batch: 1000 records (total so far: 2000)","service":"costing-automation","timestamp":"2025-09-19T01:46:34.827Z"}
{"level":"info","message":"Fetched batch: 777 records (total so far: 2777)","service":"costing-automation","timestamp":"2025-09-19T01:46:35.101Z"}
{"level":"info","message":"Final result: 2777 records loaded, total count: 2777","service":"costing-automation","timestamp":"2025-09-19T01:46:35.102Z"}
{"level":"info","message":"Server running on port 3000","service":"costing-automation","timestamp":"2025-09-19T01:48:35.857Z"}
{"level":"info","message":"Total records in database: 2777","service":"costing-automation","timestamp":"2025-09-19T01:48:49.830Z"}
{"level":"info","message":"Fetched batch: 1000 records (total so far: 1000)","service":"costing-automation","timestamp":"2025-09-19T01:48:50.316Z"}
{"level":"info","message":"Fetched batch: 1000 records (total so far: 2000)","service":"costing-automation","timestamp":"2025-09-19T01:48:51.041Z"}
{"level":"info","message":"Fetched batch: 777 records (total so far: 2777)","service":"costing-automation","timestamp":"2025-09-19T01:48:51.310Z"}
{"level":"info","message":"Final result: 2777 records loaded, total count: 2777","service":"costing-automation","timestamp":"2025-09-19T01:48:51.311Z"}
{"level":"info","message":"Total records in database: 2777","service":"costing-automation","timestamp":"2025-09-19T01:52:45.033Z"}
{"level":"info","message":"Fetched batch: 1000 records (total so far: 1000)","service":"costing-automation","timestamp":"2025-09-19T01:52:45.747Z"}
{"level":"info","message":"Fetched batch: 1000 records (total so far: 2000)","service":"costing-automation","timestamp":"2025-09-19T01:52:46.063Z"}
{"level":"info","message":"Fetched batch: 777 records (total so far: 2777)","service":"costing-automation","timestamp":"2025-09-19T01:52:46.383Z"}
{"level":"info","message":"Final result: 2777 records loaded, total count: 2777","service":"costing-automation","timestamp":"2025-09-19T01:52:46.384Z"}
{"level":"info","message":"Server running on port 3000","service":"costing-automation","timestamp":"2025-09-19T06:55:19.819Z"}
{"level":"info","message":"Server running on port 3000","service":"costing-automation","timestamp":"2025-09-19T07:53:46.510Z"}
{"level":"info","message":"Server running on port 3000","service":"costing-automation","timestamp":"2025-09-19T07:55:50.878Z"}
{"level":"info","message":"Server running on port 3000","service":"costing-automation","timestamp":"2025-09-19T07:57:28.256Z"}
{"level":"info","message":"Server running on port 3000","service":"costing-automation","timestamp":"2025-09-19T07:57:44.036Z"}
{"level":"info","message":"Server running on port 3000","service":"costing-automation","timestamp":"2025-09-19T07:59:55.530Z"}
{"level":"info","message":"Total records in database: 2784","service":"costing-automation","timestamp":"2025-09-19T08:00:41.559Z"}
{"level":"info","message":"Fetched batch: 1000 records (total so far: 1000)","service":"costing-automation","timestamp":"2025-09-19T08:00:42.023Z"}
{"level":"info","message":"Fetched batch: 1000 records (total so far: 2000)","service":"costing-automation","timestamp":"2025-09-19T08:00:42.987Z"}
{"level":"info","message":"Fetched batch: 784 records (total so far: 2784)","service":"costing-automation","timestamp":"2025-09-19T08:00:43.368Z"}
{"level":"info","message":"Final result: 2784 records loaded, total count: 2784","service":"costing-automation","timestamp":"2025-09-19T08:00:43.369Z"}
{"level":"info","message":"Server running on port 3000","service":"costing-automation","timestamp":"2025-09-19T08:07:59.380Z"}
{"level":"info","message":"Total records in database: 2784","service":"costing-automation","timestamp":"2025-09-19T08:08:21.995Z"}
{"level":"info","message":"Fetched batch: 1000 records (total so far: 1000)","service":"costing-automation","timestamp":"2025-09-19T08:08:22.384Z"}
{"level":"info","message":"Fetched batch: 1000 records (total so far: 2000)","service":"costing-automation","timestamp":"2025-09-19T08:08:22.695Z"}
{"level":"info","message":"Fetched batch: 784 records (total so far: 2784)","service":"costing-automation","timestamp":"2025-09-19T08:08:22.877Z"}
{"level":"info","message":"Final result: 2784 records loaded, total count: 2784","service":"costing-automation","timestamp":"2025-09-19T08:08:22.878Z"}
{"level":"info","message":"Total records in database: 2784","service":"costing-automation","timestamp":"2025-09-19T08:11:24.115Z"}
{"level":"info","message":"Fetched batch: 1000 records (total so far: 1000)","service":"costing-automation","timestamp":"2025-09-19T08:11:24.562Z"}
{"level":"info","message":"Fetched batch: 1000 records (total so far: 2000)","service":"costing-automation","timestamp":"2025-09-19T08:11:25.439Z"}
{"level":"info","message":"Fetched batch: 784 records (total so far: 2784)","service":"costing-automation","timestamp":"2025-09-19T08:11:25.821Z"}
{"level":"info","message":"Final result: 2784 records loaded, total count: 2784","service":"costing-automation","timestamp":"2025-09-19T08:11:25.822Z"}
{"level":"info","message":"Total records in database: 2784","service":"costing-automation","timestamp":"2025-09-19T08:13:20.273Z"}
{"level":"info","message":"Fetched batch: 1000 records (total so far: 1000)","service":"costing-automation","timestamp":"2025-09-19T08:13:21.270Z"}
{"level":"info","message":"Fetched batch: 1000 records (total so far: 2000)","service":"costing-automation","timestamp":"2025-09-19T08:13:22.521Z"}
{"level":"info","message":"Fetched batch: 784 records (total so far: 2784)","service":"costing-automation","timestamp":"2025-09-19T08:13:22.915Z"}
{"level":"info","message":"Final result: 2784 records loaded, total count: 2784","service":"costing-automation","timestamp":"2025-09-19T08:13:22.915Z"}
{"level":"info","message":"Total records in database: 2784","service":"costing-automation","timestamp":"2025-09-19T08:15:58.001Z"}
{"level":"info","message":"Fetched batch: 1000 records (total so far: 1000)","service":"costing-automation","timestamp":"2025-09-19T08:15:58.354Z"}
{"level":"info","message":"Fetched batch: 1000 records (total so far: 2000)","service":"costing-automation","timestamp":"2025-09-19T08:15:58.641Z"}
{"level":"info","message":"Fetched batch: 784 records (total so far: 2784)","service":"costing-automation","timestamp":"2025-09-19T08:15:58.977Z"}
{"level":"info","message":"Final result: 2784 records loaded, total count: 2784","service":"costing-automation","timestamp":"2025-09-19T08:15:58.978Z"}
{"level":"info","message":"Total records in database: 2784","service":"costing-automation","timestamp":"2025-09-19T08:18:56.547Z"}
{"level":"info","message":"Fetched batch: 1000 records (total so far: 1000)","service":"costing-automation","timestamp":"2025-09-19T08:18:57.356Z"}
{"level":"info","message":"Fetched batch: 1000 records (total so far: 2000)","service":"costing-automation","timestamp":"2025-09-19T08:18:59.430Z"}
{"level":"info","message":"Fetched batch: 784 records (total so far: 2784)","service":"costing-automation","timestamp":"2025-09-19T08:18:59.845Z"}
{"level":"info","message":"Final result: 2784 records loaded, total count: 2784","service":"costing-automation","timestamp":"2025-09-19T08:18:59.845Z"}
{"level":"info","message":"Total records in database: 2784","service":"costing-automation","timestamp":"2025-09-19T08:21:57.855Z"}
{"level":"info","message":"Fetched batch: 1000 records (total so far: 1000)","service":"costing-automation","timestamp":"2025-09-19T08:21:58.208Z"}
{"level":"info","message":"Fetched batch: 1000 records (total so far: 2000)","service":"costing-automation","timestamp":"2025-09-19T08:21:59.564Z"}
{"level":"info","message":"Fetched batch: 784 records (total so far: 2784)","service":"costing-automation","timestamp":"2025-09-19T08:21:59.850Z"}
{"level":"info","message":"Final result: 2784 records loaded, total count: 2784","service":"costing-automation","timestamp":"2025-09-19T08:21:59.850Z"}
{"level":"info","message":"Total records in database: 2784","service":"costing-automation","timestamp":"2025-09-19T08:26:11.838Z"}
{"level":"info","message":"Fetched batch: 1000 records (total so far: 1000)","service":"costing-automation","timestamp":"2025-09-19T08:26:12.254Z"}
{"level":"info","message":"Fetched batch: 1000 records (total so far: 2000)","service":"costing-automation","timestamp":"2025-09-19T08:26:13.225Z"}
{"level":"info","message":"Fetched batch: 784 records (total so far: 2784)","service":"costing-automation","timestamp":"2025-09-19T08:26:13.798Z"}
{"level":"info","message":"Final result: 2784 records loaded, total count: 2784","service":"costing-automation","timestamp":"2025-09-19T08:26:13.798Z"}
{"level":"info","message":"Total records in database: 2784","service":"costing-automation","timestamp":"2025-09-19T08:29:28.527Z"}
{"level":"info","message":"Fetched batch: 1000 records (total so far: 1000)","service":"costing-automation","timestamp":"2025-09-19T08:29:28.869Z"}
{"level":"info","message":"Fetched batch: 1000 records (total so far: 2000)","service":"costing-automation","timestamp":"2025-09-19T08:29:29.054Z"}
{"level":"info","message":"Fetched batch: 784 records (total so far: 2784)","service":"costing-automation","timestamp":"2025-09-19T08:29:29.303Z"}
{"level":"info","message":"Final result: 2784 records loaded, total count: 2784","service":"costing-automation","timestamp":"2025-09-19T08:29:29.303Z"}
{"level":"info","message":"Total records in database: 2784","service":"costing-automation","timestamp":"2025-09-19T08:31:31.658Z"}
{"level":"info","message":"Fetched batch: 1000 records (total so far: 1000)","service":"costing-automation","timestamp":"2025-09-19T08:31:32.003Z"}
{"level":"info","message":"Fetched batch: 1000 records (total so far: 2000)","service":"costing-automation","timestamp":"2025-09-19T08:31:33.574Z"}
{"level":"info","message":"Fetched batch: 784 records (total so far: 2784)","service":"costing-automation","timestamp":"2025-09-19T08:31:34.108Z"}
{"level":"info","message":"Final result: 2784 records loaded, total count: 2784","service":"costing-automation","timestamp":"2025-09-19T08:31:34.108Z"}
{"level":"info","message":"Total records in database: 2784","service":"costing-automation","timestamp":"2025-09-19T08:32:41.701Z"}
{"level":"info","message":"Fetched batch: 1000 records (total so far: 1000)","service":"costing-automation","timestamp":"2025-09-19T08:32:42.058Z"}
{"level":"info","message":"Fetched batch: 1000 records (total so far: 2000)","service":"costing-automation","timestamp":"2025-09-19T08:32:43.098Z"}
{"level":"info","message":"Fetched batch: 784 records (total so far: 2784)","service":"costing-automation","timestamp":"2025-09-19T08:32:43.432Z"}
{"level":"info","message":"Final result: 2784 records loaded, total count: 2784","service":"costing-automation","timestamp":"2025-09-19T08:32:43.432Z"}
{"level":"info","message":"Total records in database: 2784","service":"costing-automation","timestamp":"2025-09-19T08:34:53.393Z"}
{"level":"info","message":"Fetched batch: 1000 records (total so far: 1000)","service":"costing-automation","timestamp":"2025-09-19T08:34:55.924Z"}
{"level":"info","message":"Fetched batch: 1000 records (total so far: 2000)","service":"costing-automation","timestamp":"2025-09-19T08:34:56.330Z"}
{"level":"info","message":"Fetched batch: 784 records (total so far: 2784)","service":"costing-automation","timestamp":"2025-09-19T08:34:56.647Z"}
{"level":"info","message":"Final result: 2784 records loaded, total count: 2784","service":"costing-automation","timestamp":"2025-09-19T08:34:56.648Z"}
{"level":"info","message":"Total records in database: 2784","service":"costing-automation","timestamp":"2025-09-19T08:38:09.049Z"}
{"level":"info","message":"Fetched batch: 1000 records (total so far: 1000)","service":"costing-automation","timestamp":"2025-09-19T08:38:10.851Z"}
{"level":"info","message":"Fetched batch: 1000 records (total so far: 2000)","service":"costing-automation","timestamp":"2025-09-19T08:38:11.420Z"}
{"level":"info","message":"Fetched batch: 784 records (total so far: 2784)","service":"costing-automation","timestamp":"2025-09-19T08:38:11.678Z"}
{"level":"info","message":"Final result: 2784 records loaded, total count: 2784","service":"costing-automation","timestamp":"2025-09-19T08:38:11.678Z"}
{"level":"info","message":"Total records in database: 2784","service":"costing-automation","timestamp":"2025-09-19T08:41:04.884Z"}
{"level":"info","message":"Fetched batch: 1000 records (total so far: 1000)","service":"costing-automation","timestamp":"2025-09-19T08:41:06.489Z"}
{"level":"info","message":"Fetched batch: 1000 records (total so far: 2000)","service":"costing-automation","timestamp":"2025-09-19T08:41:08.831Z"}
{"level":"info","message":"Fetched batch: 784 records (total so far: 2784)","service":"costing-automation","timestamp":"2025-09-19T08:41:09.199Z"}
{"level":"info","message":"Final result: 2784 records loaded, total count: 2784","service":"costing-automation","timestamp":"2025-09-19T08:41:09.199Z"}
{"level":"info","message":"Total records in database: 2784","service":"costing-automation","timestamp":"2025-09-19T08:45:27.304Z"}
{"level":"info","message":"Fetched batch: 1000 records (total so far: 1000)","service":"costing-automation","timestamp":"2025-09-19T08:45:28.784Z"}
{"level":"info","message":"Fetched batch: 1000 records (total so far: 2000)","service":"costing-automation","timestamp":"2025-09-19T08:45:29.763Z"}
{"level":"info","message":"Fetched batch: 784 records (total so far: 2784)","service":"costing-automation","timestamp":"2025-09-19T08:45:30.136Z"}
{"level":"info","message":"Final result: 2784 records loaded, total count: 2784","service":"costing-automation","timestamp":"2025-09-19T08:45:30.136Z"}
{"level":"info","message":"Total records in database: 2784","service":"costing-automation","timestamp":"2025-09-19T08:48:18.492Z"}
{"level":"info","message":"Fetched batch: 1000 records (total so far: 1000)","service":"costing-automation","timestamp":"2025-09-19T08:48:21.659Z"}
{"level":"info","message":"Fetched batch: 1000 records (total so far: 2000)","service":"costing-automation","timestamp":"2025-09-19T08:48:22.049Z"}
{"level":"info","message":"Fetched batch: 784 records (total so far: 2784)","service":"costing-automation","timestamp":"2025-09-19T08:48:22.325Z"}
{"level":"info","message":"Final result: 2784 records loaded, total count: 2784","service":"costing-automation","timestamp":"2025-09-19T08:48:22.325Z"}
{"level":"info","message":"Total records in database: 2784","service":"costing-automation","timestamp":"2025-09-19T08:54:16.799Z"}
{"level":"info","message":"Fetched batch: 1000 records (total so far: 1000)","service":"costing-automation","timestamp":"2025-09-19T08:54:17.162Z"}
{"level":"info","message":"Fetched batch: 1000 records (total so far: 2000)","service":"costing-automation","timestamp":"2025-09-19T08:54:17.413Z"}
{"level":"info","message":"Fetched batch: 784 records (total so far: 2784)","service":"costing-automation","timestamp":"2025-09-19T08:54:17.742Z"}
{"level":"info","message":"Final result: 2784 records loaded, total count: 2784","service":"costing-automation","timestamp":"2025-09-19T08:54:17.743Z"}
{"level":"info","message":"Total records in database: 2784","service":"costing-automation","timestamp":"2025-09-19T08:56:50.803Z"}
{"level":"info","message":"Fetched batch: 1000 records (total so far: 1000)","service":"costing-automation","timestamp":"2025-09-19T08:56:51.416Z"}
{"level":"info","message":"Fetched batch: 1000 records (total so far: 2000)","service":"costing-automation","timestamp":"2025-09-19T08:56:53.019Z"}
{"level":"info","message":"Fetched batch: 784 records (total so far: 2784)","service":"costing-automation","timestamp":"2025-09-19T08:56:53.180Z"}
{"level":"info","message":"Final result: 2784 records loaded, total count: 2784","service":"costing-automation","timestamp":"2025-09-19T08:56:53.180Z"}
{"level":"info","message":"Server running on port 3000","service":"costing-automation","timestamp":"2025-09-22T01:13:43.606Z"}
{"level":"info","message":"Total records in database: 2784","service":"costing-automation","timestamp":"2025-09-22T01:13:52.978Z"}
{"level":"info","message":"Fetched batch: 1000 records (total so far: 1000)","service":"costing-automation","timestamp":"2025-09-22T01:13:54.633Z"}
{"level":"info","message":"Fetched batch: 1000 records (total so far: 2000)","service":"costing-automation","timestamp":"2025-09-22T01:13:56.230Z"}
{"level":"info","message":"Fetched batch: 784 records (total so far: 2784)","service":"costing-automation","timestamp":"2025-09-22T01:13:56.931Z"}
{"level":"info","message":"Final result: 2784 records loaded, total count: 2784","service":"costing-automation","timestamp":"2025-09-22T01:13:56.932Z"}
{"level":"info","message":"Total records in database: 2784","service":"costing-automation","timestamp":"2025-09-22T01:17:56.600Z"}
{"level":"info","message":"Fetched batch: 1000 records (total so far: 1000)","service":"costing-automation","timestamp":"2025-09-22T01:17:57.051Z"}
{"level":"info","message":"Fetched batch: 1000 records (total so far: 2000)","service":"costing-automation","timestamp":"2025-09-22T01:17:57.451Z"}
{"level":"info","message":"Fetched batch: 784 records (total so far: 2784)","service":"costing-automation","timestamp":"2025-09-22T01:17:57.742Z"}
{"level":"info","message":"Final result: 2784 records loaded, total count: 2784","service":"costing-automation","timestamp":"2025-09-22T01:17:57.743Z"}
{"level":"info","message":"Total records in database: 2784","service":"costing-automation","timestamp":"2025-09-22T01:22:19.489Z"}
{"level":"info","message":"Fetched batch: 1000 records (total so far: 1000)","service":"costing-automation","timestamp":"2025-09-22T01:22:19.934Z"}
{"level":"info","message":"Fetched batch: 1000 records (total so far: 2000)","service":"costing-automation","timestamp":"2025-09-22T01:22:20.241Z"}
{"level":"info","message":"Fetched batch: 784 records (total so far: 2784)","service":"costing-automation","timestamp":"2025-09-22T01:22:20.429Z"}
{"level":"info","message":"Final result: 2784 records loaded, total count: 2784","service":"costing-automation","timestamp":"2025-09-22T01:22:20.429Z"}
{"level":"info","message":"Total records in database: 2784","service":"costing-automation","timestamp":"2025-09-22T01:23:17.031Z"}
{"level":"info","message":"Fetched batch: 1000 records (total so far: 1000)","service":"costing-automation","timestamp":"2025-09-22T01:23:17.781Z"}
{"level":"info","message":"Fetched batch: 1000 records (total so far: 2000)","service":"costing-automation","timestamp":"2025-09-22T01:23:18.060Z"}
{"level":"info","message":"Fetched batch: 784 records (total so far: 2784)","service":"costing-automation","timestamp":"2025-09-22T01:23:18.312Z"}
{"level":"info","message":"Final result: 2784 records loaded, total count: 2784","service":"costing-automation","timestamp":"2025-09-22T01:23:18.312Z"}
{"level":"info","message":"Total records in database: 2784","service":"costing-automation","timestamp":"2025-09-22T01:25:47.608Z"}
{"level":"info","message":"Fetched batch: 1000 records (total so far: 1000)","service":"costing-automation","timestamp":"2025-09-22T01:25:48.137Z"}
{"level":"info","message":"Fetched batch: 1000 records (total so far: 2000)","service":"costing-automation","timestamp":"2025-09-22T01:25:48.612Z"}
{"level":"info","message":"Fetched batch: 784 records (total so far: 2784)","service":"costing-automation","timestamp":"2025-09-22T01:25:48.931Z"}
{"level":"info","message":"Final result: 2784 records loaded, total count: 2784","service":"costing-automation","timestamp":"2025-09-22T01:25:48.932Z"}
